c:\users\kevin\documents\estructura_de_datos\proyecto2\proyecto_parcial2\codigo\proyectolistasimple\proyecto\x64\debug\vc142.pdb
c:\users\kevin\documents\estructura_de_datos\proyecto2\proyecto_parcial2\codigo\proyectolistasimple\proyecto\x64\debug\vc142.idb
c:\users\kevin\documents\estructura_de_datos\proyecto2\proyecto_parcial2\codigo\proyectolistasimple\proyecto\x64\debug\qrcode.obj
c:\users\kevin\documents\estructura_de_datos\proyecto2\proyecto_parcial2\codigo\proyectolistasimple\proyecto\x64\debug\persona.obj
c:\users\kevin\documents\estructura_de_datos\proyecto2\proyecto_parcial2\codigo\proyectolistasimple\proyecto\x64\debug\ingresodatos.obj
c:\users\kevin\documents\estructura_de_datos\proyecto2\proyecto_parcial2\codigo\proyectolistasimple\proyecto\x64\debug\hora.obj
c:\users\kevin\documents\estructura_de_datos\proyecto2\proyecto_parcial2\codigo\proyectolistasimple\proyecto\x64\debug\generarqr.obj
c:\users\kevin\documents\estructura_de_datos\proyecto2\proyecto_parcial2\codigo\proyectolistasimple\proyecto\x64\debug\fecha.obj
c:\users\kevin\documents\estructura_de_datos\proyecto2\proyecto_parcial2\codigo\proyectolistasimple\proyecto\x64\debug\direccioncorreo.obj
c:\users\kevin\documents\estructura_de_datos\proyecto2\proyecto_parcial2\codigo\proyectolistasimple\proyecto\x64\debug\calculoedad.obj
c:\users\kevin\documents\estructura_de_datos\proyecto2\proyecto_parcial2\codigo\proyectolistasimple\proyecto\x64\debug\archivo.obj
c:\users\kevin\documents\estructura_de_datos\proyecto2\proyecto_parcial2\codigo\proyectolistasimple\proyecto\x64\debug\aplicativo.obj
c:\users\kevin\documents\estructura_de_datos\proyecto2\proyecto_parcial2\codigo\proyectolistasimple\proyecto\x64\debug\operaciones.obj
c:\users\kevin\documents\estructura_de_datos\proyecto2\proyecto_parcial2\codigo\proyectolistasimple\proyecto\x64\debug\menu.obj
c:\users\kevin\documents\estructura_de_datos\proyecto2\proyecto_parcial2\codigo\proyectolistacircular\proyecto\x64\debug\vc142.pdb
c:\users\kevin\documents\estructura_de_datos\proyecto2\proyecto_parcial2\codigo\proyectolistacircular\proyecto\x64\debug\vc142.idb
c:\users\kevin\documents\estructura_de_datos\proyecto2\proyecto_parcial2\codigo\proyectolistacircular\proyecto\x64\debug\qrcode.obj
c:\users\kevin\documents\estructura_de_datos\proyecto2\proyecto_parcial2\codigo\proyectolistacircular\proyecto\x64\debug\persona.obj
c:\users\kevin\documents\estructura_de_datos\proyecto2\proyecto_parcial2\codigo\proyectolistacircular\proyecto\x64\debug\operaciones.obj
c:\users\kevin\documents\estructura_de_datos\proyecto2\proyecto_parcial2\codigo\proyectolistacircular\proyecto\x64\debug\menu.obj
c:\users\kevin\documents\estructura_de_datos\proyecto2\proyecto_parcial2\codigo\proyectolistacircular\proyecto\x64\debug\ingresodatos.obj
c:\users\kevin\documents\estructura_de_datos\proyecto2\proyecto_parcial2\codigo\proyectolistacircular\proyecto\x64\debug\hora.obj
c:\users\kevin\documents\estructura_de_datos\proyecto2\proyecto_parcial2\codigo\proyectolistacircular\proyecto\x64\debug\generarqr.obj
c:\users\kevin\documents\estructura_de_datos\proyecto2\proyecto_parcial2\codigo\proyectolistacircular\proyecto\x64\debug\fecha.obj
c:\users\kevin\documents\estructura_de_datos\proyecto2\proyecto_parcial2\codigo\proyectolistacircular\proyecto\x64\debug\direccioncorreo.obj
c:\users\kevin\documents\estructura_de_datos\proyecto2\proyecto_parcial2\codigo\proyectolistacircular\proyecto\x64\debug\calculoedad.obj
c:\users\kevin\documents\estructura_de_datos\proyecto2\proyecto_parcial2\codigo\proyectolistacircular\proyecto\x64\debug\archivo.obj
c:\users\kevin\documents\estructura_de_datos\proyecto2\proyecto_parcial2\codigo\proyectolistacircular\proyecto\x64\debug\aplicativo.obj
c:\users\kevin\documents\estructura_de_datos\proyecto2\proyecto_parcial2\codigo\proyectolistasimple\x64\debug\proyectolistasimple.exe
c:\users\kevin\documents\estructura_de_datos\proyecto2\proyecto_parcial2\codigo\proyectolistasimple\x64\debug\proyectolistasimple.ilk
c:\users\kevin\documents\estructura_de_datos\proyecto2\proyecto_parcial2\codigo\proyectolistasimple\x64\debug\proyectolistasimple.pdb
c:\users\kevin\documents\estructura_de_datos\proyecto2\proyecto_parcial2\codigo\proyectolistacircular\x64\debug\proyectolistacircular.exe
c:\users\kevin\documents\estructura_de_datos\proyecto2\proyecto_parcial2\codigo\proyectolistacircular\x64\debug\proyectolistacircular.ilk
c:\users\kevin\documents\estructura_de_datos\proyecto2\proyecto_parcial2\codigo\proyectolistacircular\x64\debug\proyectolistacircular.pdb
c:\users\kevin\documents\estructura_de_datos\proyecto2\proyecto_parcial2\codigo\proyectolistacircular\proyecto\x64\debug\proyecto.b0f96167.tlog\cl.command.1.tlog
c:\users\kevin\documents\estructura_de_datos\proyecto2\proyecto_parcial2\codigo\proyectolistacircular\proyecto\x64\debug\proyecto.b0f96167.tlog\cl.read.1.tlog
c:\users\kevin\documents\estructura_de_datos\proyecto2\proyecto_parcial2\codigo\proyectolistacircular\proyecto\x64\debug\proyecto.b0f96167.tlog\cl.write.1.tlog
c:\users\kevin\documents\estructura_de_datos\proyecto2\proyecto_parcial2\codigo\proyectolistacircular\proyecto\x64\debug\proyecto.b0f96167.tlog\link.command.1.tlog
c:\users\kevin\documents\estructura_de_datos\proyecto2\proyecto_parcial2\codigo\proyectolistacircular\proyecto\x64\debug\proyecto.b0f96167.tlog\link.read.1.tlog
c:\users\kevin\documents\estructura_de_datos\proyecto2\proyecto_parcial2\codigo\proyectolistacircular\proyecto\x64\debug\proyecto.b0f96167.tlog\link.write.1.tlog
