c:\users\kevin\desktop\estructura_de_datos\proyecto\proyectoparcial1\codigo\minibank\debug\vc142.pdb
c:\users\kevin\desktop\estructura_de_datos\proyecto\proyectoparcial1\codigo\minibank\debug\vc142.idb
c:\users\kevin\desktop\estructura_de_datos\proyecto\proyectoparcial1\codigo\minibank\debug\transferencia.obj
c:\users\kevin\desktop\estructura_de_datos\proyecto\proyectoparcial1\codigo\minibank\debug\resaltador.obj
c:\users\kevin\desktop\estructura_de_datos\proyecto\proyectoparcial1\codigo\minibank\debug\persona.obj
c:\users\kevin\desktop\estructura_de_datos\proyecto\proyectoparcial1\codigo\minibank\debug\consola.obj
c:\users\kevin\desktop\estructura_de_datos\proyecto\proyectoparcial1\codigo\minibank\debug\opciones.obj
c:\users\kevin\desktop\estructura_de_datos\proyecto\proyectoparcial1\codigo\minibank\debug\nodo.obj
c:\users\kevin\desktop\estructura_de_datos\proyecto\proyectoparcial1\codigo\minibank\debug\menu.obj
c:\users\kevin\desktop\estructura_de_datos\proyecto\proyectoparcial1\codigo\minibank\debug\main.obj
c:\users\kevin\desktop\estructura_de_datos\proyecto\proyectoparcial1\codigo\minibank\debug\lista.obj
c:\users\kevin\desktop\estructura_de_datos\proyecto\proyectoparcial1\codigo\minibank\debug\ingresodatos.obj
c:\users\kevin\desktop\estructura_de_datos\proyecto\proyectoparcial1\codigo\minibank\debug\generador.obj
c:\users\kevin\desktop\estructura_de_datos\proyecto\proyectoparcial1\codigo\minibank\debug\fuente.obj
c:\users\kevin\desktop\estructura_de_datos\proyecto\proyectoparcial1\codigo\minibank\debug\fecha.obj
c:\users\kevin\desktop\estructura_de_datos\proyecto\proyectoparcial1\codigo\minibank\debug\deposito.obj
c:\users\kevin\desktop\estructura_de_datos\proyecto\proyectoparcial1\codigo\minibank\debug\cuenta.obj
c:\users\kevin\desktop\estructura_de_datos\proyecto\proyectoparcial1\codigo\minibank\debug\color.obj
c:\users\kevin\desktop\estructura_de_datos\proyecto\proyectoparcial1\codigo\minibank\debug\calculoedad.obj
c:\users\kevin\desktop\estructura_de_datos\proyecto\proyectoparcial1\codigo\minibank\debug\retiro.obj
c:\users\kevin\desktop\estructura_de_datos\proyecto\proyectoparcial1\codigo\minibank\debug\minibank.exe
c:\users\kevin\desktop\estructura_de_datos\proyecto\proyectoparcial1\codigo\minibank\debug\minibank.ilk
c:\users\kevin\desktop\estructura_de_datos\proyecto\proyectoparcial1\codigo\minibank\debug\minibank.pdb
c:\users\kevin\desktop\estructura_de_datos\proyecto\proyectoparcial1\codigo\minibank\debug\ahorros.obj
c:\users\kevin\desktop\estructura_de_datos\proyecto\proyectoparcial1\codigo\minibank\debug\minibank.obj
c:\users\kevin\desktop\estructura_de_datos\proyecto\proyectoparcial1\codigo\minibank\debug\transacciones.obj
c:\users\kevin\desktop\estructura_de_datos\proyecto\proyectoparcial1\codigo\minibank\debug\minibank.tlog\cl.command.1.tlog
c:\users\kevin\desktop\estructura_de_datos\proyecto\proyectoparcial1\codigo\minibank\debug\minibank.tlog\cl.read.1.tlog
c:\users\kevin\desktop\estructura_de_datos\proyecto\proyectoparcial1\codigo\minibank\debug\minibank.tlog\cl.write.1.tlog
c:\users\kevin\desktop\estructura_de_datos\proyecto\proyectoparcial1\codigo\minibank\debug\minibank.tlog\link.command.1.tlog
c:\users\kevin\desktop\estructura_de_datos\proyecto\proyectoparcial1\codigo\minibank\debug\minibank.tlog\link.read.1.tlog
c:\users\kevin\desktop\estructura_de_datos\proyecto\proyectoparcial1\codigo\minibank\debug\minibank.tlog\link.write.1.tlog
