c:\users\kevin\desktop\estructura_de_datos\proyecto2\proyecto_parcial2\codigo\proyecto\proyecto\x64\debug\vc142.pdb
c:\users\kevin\desktop\estructura_de_datos\proyecto2\proyecto_parcial2\codigo\proyecto\proyecto\x64\debug\vc142.idb
c:\users\kevin\desktop\estructura_de_datos\proyecto2\proyecto_parcial2\codigo\proyecto\proyecto\x64\debug\qrcode.obj
c:\users\kevin\desktop\estructura_de_datos\proyecto2\proyecto_parcial2\codigo\proyecto\proyecto\x64\debug\persona.obj
c:\users\kevin\desktop\estructura_de_datos\proyecto2\proyecto_parcial2\codigo\proyecto\proyecto\x64\debug\operaciones.obj
c:\users\kevin\desktop\estructura_de_datos\proyecto2\proyecto_parcial2\codigo\proyecto\proyecto\x64\debug\menu.obj
c:\users\kevin\desktop\estructura_de_datos\proyecto2\proyecto_parcial2\codigo\proyecto\proyecto\x64\debug\ingresodatos.obj
c:\users\kevin\desktop\estructura_de_datos\proyecto2\proyecto_parcial2\codigo\proyecto\proyecto\x64\debug\generarqr.obj
c:\users\kevin\desktop\estructura_de_datos\proyecto2\proyecto_parcial2\codigo\proyecto\proyecto\x64\debug\fecha.obj
c:\users\kevin\desktop\estructura_de_datos\proyecto2\proyecto_parcial2\codigo\proyecto\proyecto\x64\debug\direccioncorreo.obj
c:\users\kevin\desktop\estructura_de_datos\proyecto2\proyecto_parcial2\codigo\proyecto\proyecto\x64\debug\calculoedad.obj
c:\users\kevin\desktop\estructura_de_datos\proyecto2\proyecto_parcial2\codigo\proyecto\proyecto\x64\debug\archivo.obj
c:\users\kevin\desktop\estructura_de_datos\proyecto2\proyecto_parcial2\codigo\proyecto\proyecto\x64\debug\aplicativo.obj
c:\users\kevin\desktop\estructura_de_datos\proyecto2\proyecto_parcial2\codigo\proyecto\proyecto\x64\debug\pdf_creator.obj
c:\users\kevin\desktop\estructura_de_datos\proyecto2\proyecto_parcial2\codigo\proyecto\proyecto\x64\debug\file_reader.obj
c:\users\kevin\desktop\estructura_de_datos\proyecto2\proyecto_parcial2\codigo\proyecto\x64\debug\proyecto.ilk
c:\users\kevin\desktop\estructura_de_datos\proyecto2\proyecto_parcial2\codigo\proyecto\x64\debug\proyecto.exe
c:\users\kevin\desktop\estructura_de_datos\proyecto2\proyecto_parcial2\codigo\proyecto\x64\debug\proyecto.pdb
c:\users\kevin\desktop\estructura_de_datos\proyecto2\proyecto_parcial2\codigo\proyecto\proyecto\x64\debug\proyecto.tlog\cl.command.1.tlog
c:\users\kevin\desktop\estructura_de_datos\proyecto2\proyecto_parcial2\codigo\proyecto\proyecto\x64\debug\proyecto.tlog\cl.read.1.tlog
c:\users\kevin\desktop\estructura_de_datos\proyecto2\proyecto_parcial2\codigo\proyecto\proyecto\x64\debug\proyecto.tlog\cl.write.1.tlog
c:\users\kevin\desktop\estructura_de_datos\proyecto2\proyecto_parcial2\codigo\proyecto\proyecto\x64\debug\proyecto.tlog\link.command.1.tlog
c:\users\kevin\desktop\estructura_de_datos\proyecto2\proyecto_parcial2\codigo\proyecto\proyecto\x64\debug\proyecto.tlog\link.read.1.tlog
c:\users\kevin\desktop\estructura_de_datos\proyecto2\proyecto_parcial2\codigo\proyecto\proyecto\x64\debug\proyecto.tlog\link.write.1.tlog
